<?xml version="1.0" encoding="UTF-8"?>
<!-- Generated by org.testng.reporters.JUnitReportReporter -->
<testsuite hostname="WINDOWS-UNR7VLH" failures="0" tests="1" name="testCases.NewTest" time="51.698" errors="0" timestamp="2022-10-27T15:31:18 IST" skipped="0">
  <testcase classname="testCases.NewTest" name="f" time="51.698"/>
  <system-out/>
</testsuite> <!-- testCases.NewTest -->
